2023-06-05 17:23:26 INFO: b'some text\n'
2023-06-05 17:23:31 INFO: b'some text\n'
2023-06-07 09:50:36 INFO: b'words\n'
2023-06-07 09:52:30 INFO: b'0.060707034422574746\n'
2023-06-07 09:54:31 INFO: b'11970895058229825\n'
2023-06-07 12:44:36 INFO: b'this is a string\n'
2023-06-07 12:55:37 INFO: b'this is a string\n'
2023-06-07 13:00:16 INFO: b'this is a string\n'
2023-06-07 13:04:44 INFO: b'this is a string\n'
2023-06-07 13:05:34 INFO: b'this is a string\n'
2023-06-07 13:05:39 INFO: b'this is a string1\n'
2023-06-07 13:08:09 INFO: b'this is a string\n'
2023-06-07 13:09:56 INFO: b'this is another string\n'
2023-06-07 13:10:28 INFO: b'<built-in method random of Random object at 0xaaaaf52fa120>\n'
2023-06-07 13:10:52 INFO: b'<built-in method random of Random object at 0xaaaac6274120>\n'
2023-06-07 13:10:57 INFO: b'<built-in method random of Random object at 0xaaaaf469a120>\n'
2023-06-07 13:11:08 INFO: b'1\n'
2023-06-07 13:11:33 INFO: b'0.25633873592418577\n'
2023-06-07 13:35:03 INFO: b'this is a string\n'
2023-06-07 13:36:51 INFO: b'this is a string\n'
2023-06-07 13:39:36 INFO: b'this is a string\n'
